<?xml version="1.0" encoding="UTF-8"?>
<coverage generated="1712048802643" clover="3.2.0">
  <project timestamp="1712048802644" name="All files">
    <metrics statements="208" coveredstatements="48" conditionals="48" coveredconditionals="16" methods="47" coveredmethods="8" elements="303" coveredelements="72" complexity="0" loc="208" ncloc="208" packages="10" files="18" classes="18"/>
    <package name="background">
      <metrics statements="26" coveredstatements="0" conditionals="4" coveredconditionals="0" methods="9" coveredmethods="0"/>
      <file name="background.ts" path="C:\Users\kabii\Desktop\FOLDERS\UWATERLOO\2 - Sem 2 - Winter'24\ECE 651\Project\JourneyTracker_Extension\src\background\background.ts">
        <metrics statements="26" coveredstatements="0" conditionals="4" coveredconditionals="0" methods="9" coveredmethods="0"/>
        <line num="18" count="0" type="stmt"/>
        <line num="19" count="0" type="stmt"/>
        <line num="20" count="0" type="stmt"/>
        <line num="21" count="0" type="stmt"/>
        <line num="22" count="0" type="stmt"/>
        <line num="27" count="0" type="stmt"/>
        <line num="31" count="0" type="stmt"/>
        <line num="32" count="0" type="stmt"/>
        <line num="33" count="0" type="cond" truecount="0" falsecount="1"/>
        <line num="34" count="0" type="stmt"/>
        <line num="35" count="0" type="cond" truecount="0" falsecount="1"/>
        <line num="36" count="0" type="stmt"/>
        <line num="38" count="0" type="stmt"/>
        <line num="40" count="0" type="stmt"/>
        <line num="44" count="0" type="stmt"/>
        <line num="48" count="0" type="stmt"/>
        <line num="54" count="0" type="stmt"/>
        <line num="55" count="0" type="stmt"/>
        <line num="58" count="0" type="stmt"/>
        <line num="59" count="0" type="stmt"/>
        <line num="60" count="0" type="stmt"/>
        <line num="63" count="0" type="stmt"/>
        <line num="65" count="0" type="cond" truecount="0" falsecount="2"/>
        <line num="68" count="0" type="stmt"/>
        <line num="69" count="0" type="stmt"/>
        <line num="72" count="0" type="stmt"/>
      </file>
    </package>
    <package name="components.ActionButtons">
      <metrics statements="6" coveredstatements="6" conditionals="0" coveredconditionals="0" methods="1" coveredmethods="1"/>
      <file name="ActionButtons.tsx" path="C:\Users\kabii\Desktop\FOLDERS\UWATERLOO\2 - Sem 2 - Winter'24\ECE 651\Project\JourneyTracker_Extension\src\components\ActionButtons\ActionButtons.tsx">
        <metrics statements="4" coveredstatements="4" conditionals="0" coveredconditionals="0" methods="1" coveredmethods="1"/>
        <line num="1" count="1" type="stmt"/>
        <line num="3" count="1" type="stmt"/>
        <line num="4" count="2" type="stmt"/>
        <line num="17" count="1" type="stmt"/>
      </file>
      <file name="index.ts" path="C:\Users\kabii\Desktop\FOLDERS\UWATERLOO\2 - Sem 2 - Winter'24\ECE 651\Project\JourneyTracker_Extension\src\components\ActionButtons\index.ts">
        <metrics statements="2" coveredstatements="2" conditionals="0" coveredconditionals="0" methods="0" coveredmethods="0"/>
        <line num="1" count="1" type="stmt"/>
        <line num="2" count="1" type="stmt"/>
      </file>
    </package>
    <package name="components.ClipboardTable">
      <metrics statements="14" coveredstatements="14" conditionals="5" coveredconditionals="5" methods="2" coveredmethods="2"/>
      <file name="ClipboardTable.tsx" path="C:\Users\kabii\Desktop\FOLDERS\UWATERLOO\2 - Sem 2 - Winter'24\ECE 651\Project\JourneyTracker_Extension\src\components\ClipboardTable\ClipboardTable.tsx">
        <metrics statements="12" coveredstatements="12" conditionals="5" coveredconditionals="5" methods="2" coveredmethods="2"/>
        <line num="1" count="1" type="stmt"/>
        <line num="2" count="1" type="stmt"/>
        <line num="3" count="1" type="stmt"/>
        <line num="4" count="1" type="stmt"/>
        <line num="5" count="1" type="stmt"/>
        <line num="6" count="1" type="stmt"/>
        <line num="7" count="1" type="stmt"/>
        <line num="8" count="1" type="stmt"/>
        <line num="15" count="1" type="stmt"/>
        <line num="16" count="2" type="stmt"/>
        <line num="19" count="2" type="stmt"/>
        <line num="33" count="2" type="stmt"/>
      </file>
      <file name="index.ts" path="C:\Users\kabii\Desktop\FOLDERS\UWATERLOO\2 - Sem 2 - Winter'24\ECE 651\Project\JourneyTracker_Extension\src\components\ClipboardTable\index.ts">
        <metrics statements="2" coveredstatements="2" conditionals="0" coveredconditionals="0" methods="0" coveredmethods="0"/>
        <line num="1" count="1" type="stmt"/>
        <line num="3" count="1" type="stmt"/>
      </file>
    </package>
    <package name="components.HomeHeader">
      <metrics statements="6" coveredstatements="6" conditionals="0" coveredconditionals="0" methods="1" coveredmethods="1"/>
      <file name="HomeHeader.tsx" path="C:\Users\kabii\Desktop\FOLDERS\UWATERLOO\2 - Sem 2 - Winter'24\ECE 651\Project\JourneyTracker_Extension\src\components\HomeHeader\HomeHeader.tsx">
        <metrics statements="4" coveredstatements="4" conditionals="0" coveredconditionals="0" methods="1" coveredmethods="1"/>
        <line num="1" count="1" type="stmt"/>
        <line num="7" count="1" type="stmt"/>
        <line num="8" count="1" type="stmt"/>
        <line num="31" count="1" type="stmt"/>
      </file>
      <file name="index.ts" path="C:\Users\kabii\Desktop\FOLDERS\UWATERLOO\2 - Sem 2 - Winter'24\ECE 651\Project\JourneyTracker_Extension\src\components\HomeHeader\index.ts">
        <metrics statements="2" coveredstatements="2" conditionals="0" coveredconditionals="0" methods="0" coveredmethods="0"/>
        <line num="1" count="1" type="stmt"/>
        <line num="3" count="1" type="stmt"/>
      </file>
    </package>
    <package name="components.JourneyList">
      <metrics statements="31" coveredstatements="22" conditionals="21" coveredconditionals="11" methods="8" coveredmethods="4"/>
      <file name="JourneyList.tsx" path="C:\Users\kabii\Desktop\FOLDERS\UWATERLOO\2 - Sem 2 - Winter'24\ECE 651\Project\JourneyTracker_Extension\src\components\JourneyList\JourneyList.tsx">
        <metrics statements="29" coveredstatements="20" conditionals="21" coveredconditionals="11" methods="8" coveredmethods="4"/>
        <line num="1" count="1" type="stmt"/>
        <line num="2" count="1" type="stmt"/>
        <line num="3" count="1" type="stmt"/>
        <line num="4" count="1" type="stmt"/>
        <line num="5" count="1" type="stmt"/>
        <line num="6" count="1" type="stmt"/>
        <line num="7" count="1" type="stmt"/>
        <line num="8" count="1" type="stmt"/>
        <line num="17" count="1" type="stmt"/>
        <line num="18" count="3" type="stmt"/>
        <line num="19" count="3" type="stmt"/>
        <line num="20" count="3" type="stmt"/>
        <line num="21" count="3" type="stmt"/>
        <line num="23" count="3" type="stmt"/>
        <line num="24" count="3" type="stmt"/>
        <line num="28" count="3" type="stmt"/>
        <line num="29" count="3" type="cond" truecount="2" falsecount="1"/>
        <line num="30" count="0" type="stmt"/>
        <line num="36" count="3" type="stmt"/>
        <line num="52" count="0" type="stmt"/>
        <line num="60" count="18" type="cond" truecount="2" falsecount="0"/>
        <line num="64" count="0" type="cond" truecount="0" falsecount="1"/>
        <line num="65" count="0" type="stmt"/>
        <line num="68" count="9" type="stmt"/>
        <line num="85" count="0" type="stmt"/>
        <line num="96" count="0" type="stmt"/>
        <line num="97" count="0" type="cond" truecount="0" falsecount="3"/>
        <line num="98" count="0" type="stmt"/>
        <line num="99" count="0" type="stmt"/>
      </file>
      <file name="index.ts" path="C:\Users\kabii\Desktop\FOLDERS\UWATERLOO\2 - Sem 2 - Winter'24\ECE 651\Project\JourneyTracker_Extension\src\components\JourneyList\index.ts">
        <metrics statements="2" coveredstatements="2" conditionals="0" coveredconditionals="0" methods="0" coveredmethods="0"/>
        <line num="1" count="1" type="stmt"/>
        <line num="2" count="1" type="stmt"/>
      </file>
    </package>
    <package name="contentScript">
      <metrics statements="5" coveredstatements="0" conditionals="0" coveredconditionals="0" methods="2" coveredmethods="0"/>
      <file name="contentScript.ts" path="C:\Users\kabii\Desktop\FOLDERS\UWATERLOO\2 - Sem 2 - Winter'24\ECE 651\Project\JourneyTracker_Extension\src\contentScript\contentScript.ts">
        <metrics statements="5" coveredstatements="0" conditionals="0" coveredconditionals="0" methods="2" coveredmethods="0"/>
        <line num="1" count="0" type="stmt"/>
        <line num="2" count="0" type="stmt"/>
        <line num="3" count="0" type="stmt"/>
        <line num="7" count="0" type="stmt"/>
        <line num="8" count="0" type="stmt"/>
      </file>
    </package>
    <package name="data">
      <metrics statements="1" coveredstatements="0" conditionals="0" coveredconditionals="0" methods="0" coveredmethods="0"/>
      <file name="mockData.ts" path="C:\Users\kabii\Desktop\FOLDERS\UWATERLOO\2 - Sem 2 - Winter'24\ECE 651\Project\JourneyTracker_Extension\src\data\mockData.ts">
        <metrics statements="1" coveredstatements="0" conditionals="0" coveredconditionals="0" methods="0" coveredmethods="0"/>
        <line num="1" count="0" type="stmt"/>
      </file>
    </package>
    <package name="hooks">
      <metrics statements="47" coveredstatements="0" conditionals="7" coveredconditionals="0" methods="13" coveredmethods="0"/>
      <file name="useJourney.ts" path="C:\Users\kabii\Desktop\FOLDERS\UWATERLOO\2 - Sem 2 - Winter'24\ECE 651\Project\JourneyTracker_Extension\src\hooks\useJourney.ts">
        <metrics statements="47" coveredstatements="0" conditionals="7" coveredconditionals="0" methods="13" coveredmethods="0"/>
        <line num="1" count="0" type="stmt"/>
        <line num="16" count="0" type="stmt"/>
        <line num="17" count="0" type="stmt"/>
        <line num="18" count="0" type="stmt"/>
        <line num="19" count="0" type="stmt"/>
        <line num="20" count="0" type="stmt"/>
        <line num="21" count="0" type="stmt"/>
        <line num="22" count="0" type="stmt"/>
        <line num="23" count="0" type="cond" truecount="0" falsecount="1"/>
        <line num="24" count="0" type="stmt"/>
        <line num="27" count="0" type="stmt"/>
        <line num="30" count="0" type="stmt"/>
        <line num="31" count="0" type="stmt"/>
        <line num="33" count="0" type="stmt"/>
        <line num="34" count="0" type="stmt"/>
        <line num="35" count="0" type="stmt"/>
        <line num="36" count="0" type="cond" truecount="0" falsecount="1"/>
        <line num="37" count="0" type="stmt"/>
        <line num="39" count="0" type="stmt"/>
        <line num="40" count="0" type="stmt"/>
        <line num="41" count="0" type="cond" truecount="0" falsecount="1"/>
        <line num="42" count="0" type="stmt"/>
        <line num="48" count="0" type="stmt"/>
        <line num="50" count="0" type="stmt"/>
        <line num="51" count="0" type="stmt"/>
        <line num="57" count="0" type="stmt"/>
        <line num="58" count="0" type="stmt"/>
        <line num="63" count="0" type="stmt"/>
        <line num="64" count="0" type="stmt"/>
        <line num="67" count="0" type="stmt"/>
        <line num="68" count="0" type="stmt"/>
        <line num="69" count="0" type="stmt"/>
        <line num="70" count="0" type="stmt"/>
        <line num="73" count="0" type="stmt"/>
        <line num="74" count="0" type="stmt"/>
        <line num="75" count="0" type="stmt"/>
        <line num="76" count="0" type="cond" truecount="0" falsecount="3"/>
        <line num="77" count="0" type="stmt"/>
        <line num="82" count="0" type="stmt"/>
        <line num="83" count="0" type="stmt"/>
        <line num="84" count="0" type="stmt"/>
        <line num="85" count="0" type="stmt"/>
        <line num="86" count="0" type="stmt"/>
        <line num="88" count="0" type="cond" truecount="0" falsecount="1"/>
        <line num="89" count="0" type="stmt"/>
        <line num="90" count="0" type="stmt"/>
        <line num="95" count="0" type="stmt"/>
      </file>
    </package>
    <package name="options">
      <metrics statements="13" coveredstatements="0" conditionals="1" coveredconditionals="0" methods="2" coveredmethods="0"/>
      <file name="index.tsx" path="C:\Users\kabii\Desktop\FOLDERS\UWATERLOO\2 - Sem 2 - Winter'24\ECE 651\Project\JourneyTracker_Extension\src\options\index.tsx">
        <metrics statements="10" coveredstatements="0" conditionals="1" coveredconditionals="0" methods="1" coveredmethods="0"/>
        <line num="1" count="0" type="stmt"/>
        <line num="2" count="0" type="stmt"/>
        <line num="5" count="0" type="stmt"/>
        <line num="6" count="0" type="stmt"/>
        <line num="7" count="0" type="cond" truecount="0" falsecount="1"/>
        <line num="8" count="0" type="stmt"/>
        <line num="10" count="0" type="stmt"/>
        <line num="11" count="0" type="stmt"/>
        <line num="12" count="0" type="stmt"/>
        <line num="15" count="0" type="stmt"/>
      </file>
      <file name="options.tsx" path="C:\Users\kabii\Desktop\FOLDERS\UWATERLOO\2 - Sem 2 - Winter'24\ECE 651\Project\JourneyTracker_Extension\src\options\options.tsx">
        <metrics statements="3" coveredstatements="0" conditionals="0" coveredconditionals="0" methods="1" coveredmethods="0"/>
        <line num="2" count="0" type="stmt"/>
        <line num="3" count="0" type="stmt"/>
        <line num="10" count="0" type="stmt"/>
      </file>
    </package>
    <package name="popup">
      <metrics statements="59" coveredstatements="0" conditionals="10" coveredconditionals="0" methods="9" coveredmethods="0"/>
      <file name="Home.tsx" path="C:\Users\kabii\Desktop\FOLDERS\UWATERLOO\2 - Sem 2 - Winter'24\ECE 651\Project\JourneyTracker_Extension\src\popup\Home.tsx">
        <metrics statements="13" coveredstatements="0" conditionals="0" coveredconditionals="0" methods="1" coveredmethods="0"/>
        <line num="1" count="0" type="stmt"/>
        <line num="3" count="0" type="stmt"/>
        <line num="4" count="0" type="stmt"/>
        <line num="5" count="0" type="stmt"/>
        <line num="6" count="0" type="stmt"/>
        <line num="16" count="0" type="stmt"/>
        <line num="17" count="0" type="stmt"/>
        <line num="18" count="0" type="stmt"/>
        <line num="19" count="0" type="stmt"/>
        <line num="20" count="0" type="stmt"/>
        <line num="21" count="0" type="stmt"/>
        <line num="23" count="0" type="stmt"/>
        <line num="46" count="0" type="stmt"/>
      </file>
      <file name="Login.tsx" path="C:\Users\kabii\Desktop\FOLDERS\UWATERLOO\2 - Sem 2 - Winter'24\ECE 651\Project\JourneyTracker_Extension\src\popup\Login.tsx">
        <metrics statements="6" coveredstatements="0" conditionals="0" coveredconditionals="0" methods="2" coveredmethods="0"/>
        <line num="1" count="0" type="stmt"/>
        <line num="3" count="0" type="stmt"/>
        <line num="4" count="0" type="stmt"/>
        <line num="5" count="0" type="stmt"/>
        <line num="8" count="0" type="stmt"/>
        <line num="22" count="0" type="stmt"/>
      </file>
      <file name="index.tsx" path="C:\Users\kabii\Desktop\FOLDERS\UWATERLOO\2 - Sem 2 - Winter'24\ECE 651\Project\JourneyTracker_Extension\src\popup\index.tsx">
        <metrics statements="9" coveredstatements="0" conditionals="1" coveredconditionals="0" methods="1" coveredmethods="0"/>
        <line num="1" count="0" type="stmt"/>
        <line num="2" count="0" type="stmt"/>
        <line num="5" count="0" type="stmt"/>
        <line num="6" count="0" type="stmt"/>
        <line num="7" count="0" type="cond" truecount="0" falsecount="1"/>
        <line num="8" count="0" type="stmt"/>
        <line num="10" count="0" type="stmt"/>
        <line num="11" count="0" type="stmt"/>
        <line num="14" count="0" type="stmt"/>
      </file>
      <file name="popup.tsx" path="C:\Users\kabii\Desktop\FOLDERS\UWATERLOO\2 - Sem 2 - Winter'24\ECE 651\Project\JourneyTracker_Extension\src\popup\popup.tsx">
        <metrics statements="31" coveredstatements="0" conditionals="9" coveredconditionals="0" methods="5" coveredmethods="0"/>
        <line num="1" count="0" type="stmt"/>
        <line num="2" count="0" type="stmt"/>
        <line num="3" count="0" type="stmt"/>
        <line num="4" count="0" type="stmt"/>
        <line num="5" count="0" type="stmt"/>
        <line num="6" count="0" type="stmt"/>
        <line num="9" count="0" type="stmt"/>
        <line num="10" count="0" type="stmt"/>
        <line num="11" count="0" type="stmt"/>
        <line num="12" count="0" type="stmt"/>
        <line num="14" count="0" type="stmt"/>
        <line num="15" count="0" type="stmt"/>
        <line num="16" count="0" type="stmt"/>
        <line num="17" count="0" type="cond" truecount="0" falsecount="2"/>
        <line num="18" count="0" type="stmt"/>
        <line num="20" count="0" type="stmt"/>
        <line num="22" count="0" type="stmt"/>
        <line num="31" count="0" type="stmt"/>
        <line num="33" count="0" type="stmt"/>
        <line num="34" count="0" type="cond" truecount="0" falsecount="1"/>
        <line num="35" count="0" type="stmt"/>
        <line num="40" count="0" type="stmt"/>
        <line num="41" count="0" type="cond" truecount="0" falsecount="1"/>
        <line num="42" count="0" type="cond" truecount="0" falsecount="2"/>
        <line num="43" count="0" type="cond" truecount="0" falsecount="2"/>
        <line num="44" count="0" type="stmt"/>
        <line num="46" count="0" type="stmt"/>
        <line num="58" count="0" type="cond" truecount="0" falsecount="1"/>
        <line num="59" count="0" type="stmt"/>
        <line num="76" count="0" type="stmt"/>
        <line num="89" count="0" type="stmt"/>
      </file>
    </package>
  </project>
</coverage>
