{"C:\\Users\\kabii\\Desktop\\FOLDERS\\UWATERLOO\\2 - Sem 2 - Winter'24\\ECE 651\\Project\\JourneyTracker_Extension\\src\\background\\background.ts": {"path":"C:\\Users\\kabii\\Desktop\\FOLDERS\\UWATERLOO\\2 - Sem 2 - Winter'24\\ECE 651\\Project\\JourneyTracker_Extension\\src\\background\\background.ts","statementMap":{"0":{"start":{"line":18,"column":23},"end":{"line":18,"column":48}},"1":{"start":{"line":19,"column":2},"end":{"line":45,"column":5}},"2":{"start":{"line":20,"column":4},"end":{"line":20,"column":24}},"3":{"start":{"line":21,"column":20},"end":{"line":21,"column":42}},"4":{"start":{"line":22,"column":28},"end":{"line":26,"column":6}},"5":{"start":{"line":27,"column":29},"end":{"line":29,"column":null}},"6":{"start":{"line":31,"column":4},"end":{"line":42,"column":7}},"7":{"start":{"line":32,"column":23},"end":{"line":32,"column":38}},"8":{"start":{"line":33,"column":6},"end":{"line":41,"column":null}},"9":{"start":{"line":34,"column":32},"end":{"line":39,"column":10}},"10":{"start":{"line":35,"column":10},"end":{"line":37,"column":null}},"11":{"start":{"line":36,"column":12},"end":{"line":36,"column":39}},"12":{"start":{"line":38,"column":10},"end":{"line":38,"column":19}},"13":{"start":{"line":40,"column":8},"end":{"line":40,"column":64}},"14":{"start":{"line":44,"column":4},"end":{"line":44,"column":71}},"15":{"start":{"line":48,"column":0},"end":{"line":52,"column":3}},"16":{"start":{"line":54,"column":0},"end":{"line":56,"column":3}},"17":{"start":{"line":55,"column":2},"end":{"line":55,"column":24}},"18":{"start":{"line":58,"column":0},"end":{"line":73,"column":3}},"19":{"start":{"line":59,"column":2},"end":{"line":59,"column":31}},"20":{"start":{"line":60,"column":2},"end":{"line":70,"column":7}},"21":{"start":{"line":63,"column":22},"end":{"line":63,"column":38}},"22":{"start":{"line":65,"column":6},"end":{"line":65,"column":66}},"23":{"start":{"line":68,"column":6},"end":{"line":68,"column":25}},"24":{"start":{"line":69,"column":6},"end":{"line":69,"column":22}},"25":{"start":{"line":72,"column":2},"end":{"line":72,"column":14}}},"fnMap":{"0":{"name":"recordText","decl":{"start":{"line":14,"column":9},"end":{"line":14,"column":19}},"loc":{"start":{"line":16,"column":22},"end":{"line":46,"column":1}}},"1":{"name":"(anonymous_4)","decl":{"start":{"line":19,"column":46},"end":{"line":19,"column":56}},"loc":{"start":{"line":19,"column":62},"end":{"line":45,"column":3}}},"2":{"name":"(anonymous_5)","decl":{"start":{"line":31,"column":41},"end":{"line":31,"column":51}},"loc":{"start":{"line":31,"column":57},"end":{"line":42,"column":5}}},"3":{"name":"(anonymous_6)","decl":{"start":{"line":34,"column":45},"end":{"line":34,"column":46}},"loc":{"start":{"line":34,"column":57},"end":{"line":39,"column":9}}},"4":{"name":"(anonymous_7)","decl":{"start":{"line":54,"column":42},"end":{"line":54,"column":52}},"loc":{"start":{"line":54,"column":61},"end":{"line":56,"column":1}}},"5":{"name":"(anonymous_8)","decl":{"start":{"line":58,"column":37},"end":{"line":58,"column":47}},"loc":{"start":{"line":58,"column":73},"end":{"line":73,"column":1}}},"6":{"name":"(anonymous_9)","decl":{"start":{"line":63,"column":10},"end":{"line":63,"column":18}},"loc":{"start":{"line":63,"column":18},"end":{"line":63,"column":30}}},"7":{"name":"(anonymous_10)","decl":{"start":{"line":64,"column":10},"end":{"line":64,"column":17}},"loc":{"start":{"line":64,"column":17},"end":{"line":66,"column":5}}},"8":{"name":"(anonymous_11)","decl":{"start":{"line":67,"column":11},"end":{"line":67,"column":14}},"loc":{"start":{"line":67,"column":14},"end":{"line":70,"column":5}}}},"branchMap":{"0":{"loc":{"start":{"line":33,"column":6},"end":{"line":41,"column":null}},"type":"if","locations":[{"start":{"line":33,"column":6},"end":{"line":41,"column":null}}]},"1":{"loc":{"start":{"line":35,"column":10},"end":{"line":37,"column":null}},"type":"if","locations":[{"start":{"line":35,"column":10},"end":{"line":37,"column":null}}]},"2":{"loc":{"start":{"line":65,"column":16},"end":{"line":65,"column":64}},"type":"cond-expr","locations":[{"start":{"line":65,"column":50},"end":{"line":65,"column":57}},{"start":{"line":65,"column":60},"end":{"line":65,"column":64}}]}},"s":{"0":0,"1":0,"2":0,"3":0,"4":0,"5":0,"6":0,"7":0,"8":0,"9":0,"10":0,"11":0,"12":0,"13":0,"14":0,"15":0,"16":0,"17":0,"18":0,"19":0,"20":0,"21":0,"22":0,"23":0,"24":0,"25":0},"f":{"0":0,"1":0,"2":0,"3":0,"4":0,"5":0,"6":0,"7":0,"8":0},"b":{"0":[0],"1":[0],"2":[0,0]}}
,"C:\\Users\\kabii\\Desktop\\FOLDERS\\UWATERLOO\\2 - Sem 2 - Winter'24\\ECE 651\\Project\\JourneyTracker_Extension\\src\\components\\ActionButtons\\ActionButtons.tsx": {"path":"C:\\Users\\kabii\\Desktop\\FOLDERS\\UWATERLOO\\2 - Sem 2 - Winter'24\\ECE 651\\Project\\JourneyTracker_Extension\\src\\components\\ActionButtons\\ActionButtons.tsx","statementMap":{"0":{"start":{"line":1,"column":0},"end":{"line":1,"column":45}},"1":{"start":{"line":3,"column":22},"end":{"line":15,"column":1}},"2":{"start":{"line":4,"column":2},"end":{"line":14,"column":null}},"3":{"start":{"line":17,"column":0},"end":{"line":17,"column":null}}},"fnMap":{"0":{"name":"(anonymous_2)","decl":{"start":{"line":3,"column":22},"end":{"line":3,"column":null}},"loc":{"start":{"line":3,"column":22},"end":{"line":15,"column":1}}}},"branchMap":{},"s":{"0":1,"1":1,"2":2,"3":1},"f":{"0":2},"b":{}}
,"C:\\Users\\kabii\\Desktop\\FOLDERS\\UWATERLOO\\2 - Sem 2 - Winter'24\\ECE 651\\Project\\JourneyTracker_Extension\\src\\components\\ActionButtons\\index.ts": {"path":"C:\\Users\\kabii\\Desktop\\FOLDERS\\UWATERLOO\\2 - Sem 2 - Winter'24\\ECE 651\\Project\\JourneyTracker_Extension\\src\\components\\ActionButtons\\index.ts","statementMap":{"0":{"start":{"line":1,"column":0},"end":{"line":1,"column":44}},"1":{"start":{"line":2,"column":0},"end":{"line":2,"column":29}}},"fnMap":{},"branchMap":{},"s":{"0":1,"1":1},"f":{},"b":{}}
,"C:\\Users\\kabii\\Desktop\\FOLDERS\\UWATERLOO\\2 - Sem 2 - Winter'24\\ECE 651\\Project\\JourneyTracker_Extension\\src\\components\\ClipboardTable\\ClipboardTable.tsx": {"path":"C:\\Users\\kabii\\Desktop\\FOLDERS\\UWATERLOO\\2 - Sem 2 - Winter'24\\ECE 651\\Project\\JourneyTracker_Extension\\src\\components\\ClipboardTable\\ClipboardTable.tsx","statementMap":{"0":{"start":{"line":1,"column":0},"end":{"line":1,"column":38}},"1":{"start":{"line":2,"column":0},"end":{"line":2,"column":40}},"2":{"start":{"line":3,"column":0},"end":{"line":3,"column":40}},"3":{"start":{"line":4,"column":0},"end":{"line":4,"column":48}},"4":{"start":{"line":5,"column":0},"end":{"line":5,"column":48}},"5":{"start":{"line":6,"column":0},"end":{"line":6,"column":58}},"6":{"start":{"line":7,"column":0},"end":{"line":7,"column":48}},"7":{"start":{"line":8,"column":0},"end":{"line":8,"column":46}},"8":{"start":{"line":16,"column":17},"end":{"line":16,"column":null}},"9":{"start":{"line":19,"column":2},"end":{"line":75,"column":4}},"10":{"start":{"line":33,"column":55},"end":{"line":63,"column":16}},"11":{"start":{"line":15,"column":0},"end":{"line":15,"column":24}}},"fnMap":{"0":{"name":"ClipboardTable","decl":{"start":{"line":15,"column":24},"end":{"line":15,"column":38}},"loc":{"start":{"line":17,"column":22},"end":{"line":76,"column":1}}},"1":{"name":"(anonymous_4)","decl":{"start":{"line":33,"column":48},"end":{"line":33,"column":51}},"loc":{"start":{"line":33,"column":51},"end":{"line":33,"column":null}}}},"branchMap":{"0":{"loc":{"start":{"line":30,"column":13},"end":{"line":69,"column":null}},"type":"cond-expr","locations":[{"start":{"line":33,"column":14},"end":{"line":63,"column":16}},{"start":{"line":65,"column":14},"end":{"line":68,"column":null}}]},"1":{"loc":{"start":{"line":30,"column":13},"end":{"line":32,"column":52}},"type":"binary-expr","locations":[{"start":{"line":30,"column":13},"end":{"line":30,"column":28}},{"start":{"line":31,"column":12},"end":{"line":31,"column":41}},{"start":{"line":32,"column":12},"end":{"line":32,"column":52}}]}},"s":{"0":1,"1":1,"2":1,"3":1,"4":1,"5":1,"6":1,"7":1,"8":2,"9":2,"10":2,"11":1},"f":{"0":2,"1":2},"b":{"0":[1,1],"1":[2,2,2]}}
,"C:\\Users\\kabii\\Desktop\\FOLDERS\\UWATERLOO\\2 - Sem 2 - Winter'24\\ECE 651\\Project\\JourneyTracker_Extension\\src\\components\\ClipboardTable\\index.ts": {"path":"C:\\Users\\kabii\\Desktop\\FOLDERS\\UWATERLOO\\2 - Sem 2 - Winter'24\\ECE 651\\Project\\JourneyTracker_Extension\\src\\components\\ClipboardTable\\index.ts","statementMap":{"0":{"start":{"line":1,"column":0},"end":{"line":1,"column":46}},"1":{"start":{"line":3,"column":0},"end":{"line":3,"column":30}}},"fnMap":{},"branchMap":{},"s":{"0":1,"1":1},"f":{},"b":{}}
,"C:\\Users\\kabii\\Desktop\\FOLDERS\\UWATERLOO\\2 - Sem 2 - Winter'24\\ECE 651\\Project\\JourneyTracker_Extension\\src\\components\\HomeHeader\\HomeHeader.tsx": {"path":"C:\\Users\\kabii\\Desktop\\FOLDERS\\UWATERLOO\\2 - Sem 2 - Winter'24\\ECE 651\\Project\\JourneyTracker_Extension\\src\\components\\HomeHeader\\HomeHeader.tsx","statementMap":{"0":{"start":{"line":1,"column":0},"end":{"line":1,"column":66}},"1":{"start":{"line":7,"column":19},"end":{"line":29,"column":1}},"2":{"start":{"line":7,"column":26},"end":{"line":7,"column":46}},"3":{"start":{"line":8,"column":2},"end":{"line":28,"column":4}},"4":{"start":{"line":31,"column":0},"end":{"line":31,"column":26}}},"fnMap":{"0":{"name":"(anonymous_2)","decl":{"start":{"line":7,"column":19},"end":{"line":7,"column":20}},"loc":{"start":{"line":7,"column":46},"end":{"line":29,"column":1}}}},"branchMap":{},"s":{"0":1,"1":1,"2":1,"3":1,"4":1},"f":{"0":1},"b":{}}
,"C:\\Users\\kabii\\Desktop\\FOLDERS\\UWATERLOO\\2 - Sem 2 - Winter'24\\ECE 651\\Project\\JourneyTracker_Extension\\src\\components\\HomeHeader\\index.ts": {"path":"C:\\Users\\kabii\\Desktop\\FOLDERS\\UWATERLOO\\2 - Sem 2 - Winter'24\\ECE 651\\Project\\JourneyTracker_Extension\\src\\components\\HomeHeader\\index.ts","statementMap":{"0":{"start":{"line":1,"column":0},"end":{"line":1,"column":38}},"1":{"start":{"line":3,"column":0},"end":{"line":3,"column":26}}},"fnMap":{},"branchMap":{},"s":{"0":1,"1":1},"f":{},"b":{}}
,"C:\\Users\\kabii\\Desktop\\FOLDERS\\UWATERLOO\\2 - Sem 2 - Winter'24\\ECE 651\\Project\\JourneyTracker_Extension\\src\\components\\JourneyList\\JourneyList.tsx": {"path":"C:\\Users\\kabii\\Desktop\\FOLDERS\\UWATERLOO\\2 - Sem 2 - Winter'24\\ECE 651\\Project\\JourneyTracker_Extension\\src\\components\\JourneyList\\JourneyList.tsx","statementMap":{"0":{"start":{"line":1,"column":0},"end":{"line":1,"column":48}},"1":{"start":{"line":2,"column":0},"end":{"line":2,"column":54}},"2":{"start":{"line":3,"column":0},"end":{"line":3,"column":42}},"3":{"start":{"line":4,"column":0},"end":{"line":4,"column":38}},"4":{"start":{"line":5,"column":0},"end":{"line":5,"column":46}},"5":{"start":{"line":6,"column":0},"end":{"line":6,"column":54}},"6":{"start":{"line":7,"column":0},"end":{"line":7,"column":52}},"7":{"start":{"line":8,"column":0},"end":{"line":8,"column":44}},"8":{"start":{"line":18,"column":15},"end":{"line":18,"column":null}},"9":{"start":{"line":19,"column":10},"end":{"line":19,"column":null}},"10":{"start":{"line":20,"column":23},"end":{"line":20,"column":null}},"11":{"start":{"line":21,"column":17},"end":{"line":21,"column":null}},"12":{"start":{"line":23,"column":28},"end":{"line":23,"column":43}},"13":{"start":{"line":23,"column":14},"end":{"line":23,"column":16}},"14":{"start":{"line":23,"column":24},"end":{"line":23,"column":28}},"15":{"start":{"line":24,"column":28},"end":{"line":24,"column":40}},"16":{"start":{"line":24,"column":14},"end":{"line":24,"column":16}},"17":{"start":{"line":24,"column":24},"end":{"line":24,"column":28}},"18":{"start":{"line":28,"column":2},"end":{"line":34,"column":16}},"19":{"start":{"line":29,"column":4},"end":{"line":31,"column":null}},"20":{"start":{"line":30,"column":6},"end":{"line":30,"column":null}},"21":{"start":{"line":36,"column":2},"end":{"line":106,"column":4}},"22":{"start":{"line":52,"column":25},"end":{"line":52,"column":null}},"23":{"start":{"line":60,"column":36},"end":{"line":60,"column":null}},"24":{"start":{"line":64,"column":12},"end":{"line":66,"column":null}},"25":{"start":{"line":65,"column":14},"end":{"line":65,"column":46}},"26":{"start":{"line":68,"column":33},"end":{"line":76,"column":null}},"27":{"start":{"line":85,"column":27},"end":{"line":85,"column":null}},"28":{"start":{"line":96,"column":10},"end":{"line":96,"column":27}},"29":{"start":{"line":97,"column":10},"end":{"line":100,"column":null}},"30":{"start":{"line":98,"column":12},"end":{"line":98,"column":33}},"31":{"start":{"line":99,"column":12},"end":{"line":99,"column":25}},"32":{"start":{"line":17,"column":0},"end":{"line":17,"column":24}}},"fnMap":{"0":{"name":"JourneyList","decl":{"start":{"line":17,"column":24},"end":{"line":17,"column":35}},"loc":{"start":{"line":22,"column":19},"end":{"line":107,"column":1}}},"1":{"name":"(anonymous_4)","decl":{"start":{"line":28,"column":12},"end":{"line":28,"column":null}},"loc":{"start":{"line":28,"column":12},"end":{"line":33,"column":3}}},"2":{"name":"(anonymous_5)","decl":{"start":{"line":52,"column":20},"end":{"line":52,"column":21}},"loc":{"start":{"line":52,"column":21},"end":{"line":52,"column":33}}},"3":{"name":"(anonymous_6)","decl":{"start":{"line":60,"column":26},"end":{"line":60,"column":32}},"loc":{"start":{"line":60,"column":32},"end":{"line":60,"column":42}}},"4":{"name":"(anonymous_7)","decl":{"start":{"line":63,"column":20},"end":{"line":63,"column":21}},"loc":{"start":{"line":63,"column":29},"end":{"line":67,"column":11}}},"5":{"name":"(anonymous_8)","decl":{"start":{"line":68,"column":23},"end":{"line":68,"column":29}},"loc":{"start":{"line":68,"column":29},"end":{"line":68,"column":null}}},"6":{"name":"(anonymous_9)","decl":{"start":{"line":85,"column":21},"end":{"line":85,"column":27}},"loc":{"start":{"line":85,"column":21},"end":{"line":85,"column":35}}},"7":{"name":"(anonymous_10)","decl":{"start":{"line":95,"column":17},"end":{"line":95,"column":null}},"loc":{"start":{"line":95,"column":17},"end":{"line":101,"column":9}}}},"branchMap":{"0":{"loc":{"start":{"line":29,"column":4},"end":{"line":31,"column":null}},"type":"if","locations":[{"start":{"line":29,"column":4},"end":{"line":31,"column":null}}]},"1":{"loc":{"start":{"line":29,"column":7},"end":{"line":29,"column":42}},"type":"binary-expr","locations":[{"start":{"line":29,"column":7},"end":{"line":29,"column":16}},{"start":{"line":29,"column":21},"end":{"line":29,"column":42}}]},"2":{"loc":{"start":{"line":45,"column":7},"end":{"line":77,"column":null}},"type":"cond-expr","locations":[{"start":{"line":46,"column":8},"end":{"line":52,"column":null}},{"start":{"line":55,"column":8},"end":{"line":76,"column":null}}]},"3":{"loc":{"start":{"line":45,"column":7},"end":{"line":45,"column":72}},"type":"binary-expr","locations":[{"start":{"line":45,"column":7},"end":{"line":45,"column":12}},{"start":{"line":45,"column":16},"end":{"line":45,"column":25}},{"start":{"line":45,"column":30},"end":{"line":45,"column":51}},{"start":{"line":45,"column":56},"end":{"line":45,"column":72}}]},"4":{"loc":{"start":{"line":60,"column":36},"end":{"line":60,"column":58}},"type":"binary-expr","locations":[{"start":{"line":60,"column":36},"end":{"line":60,"column":42}},{"start":{"line":60,"column":46},"end":{"line":60,"column":58}}]},"5":{"loc":{"start":{"line":64,"column":12},"end":{"line":66,"column":null}},"type":"if","locations":[{"start":{"line":64,"column":12},"end":{"line":66,"column":null}}]},"6":{"loc":{"start":{"line":81,"column":8},"end":{"line":88,"column":null}},"type":"binary-expr","locations":[{"start":{"line":81,"column":8},"end":{"line":81,"column":13}},{"start":{"line":81,"column":17},"end":{"line":81,"column":25}},{"start":{"line":81,"column":29},"end":{"line":81,"column":48}},{"start":{"line":82,"column":10},"end":{"line":87,"column":null}}]},"7":{"loc":{"start":{"line":97,"column":10},"end":{"line":100,"column":null}},"type":"if","locations":[{"start":{"line":97,"column":10},"end":{"line":100,"column":null}}]},"8":{"loc":{"start":{"line":97,"column":14},"end":{"line":97,"column":39}},"type":"binary-expr","locations":[{"start":{"line":97,"column":14},"end":{"line":97,"column":19}},{"start":{"line":97,"column":23},"end":{"line":97,"column":39}}]},"9":{"loc":{"start":{"line":103,"column":9},"end":{"line":103,"column":46}},"type":"cond-expr","locations":[{"start":{"line":103,"column":17},"end":{"line":103,"column":32}},{"start":{"line":103,"column":35},"end":{"line":103,"column":46}}]}},"s":{"0":1,"1":1,"2":1,"3":1,"4":1,"5":1,"6":1,"7":1,"8":3,"9":3,"10":3,"11":3,"12":3,"13":3,"14":3,"15":3,"16":3,"17":3,"18":3,"19":3,"20":0,"21":3,"22":0,"23":18,"24":0,"25":0,"26":9,"27":0,"28":0,"29":0,"30":0,"31":0,"32":1},"f":{"0":3,"1":3,"2":0,"3":18,"4":0,"5":9,"6":0,"7":0},"b":{"0":[0],"1":[3,3],"2":[0,3],"3":[3,3,3,3],"4":[18,18],"5":[0],"6":[3,0,0,0],"7":[0],"8":[0,0],"9":[0,3]}}
,"C:\\Users\\kabii\\Desktop\\FOLDERS\\UWATERLOO\\2 - Sem 2 - Winter'24\\ECE 651\\Project\\JourneyTracker_Extension\\src\\components\\JourneyList\\index.ts": {"path":"C:\\Users\\kabii\\Desktop\\FOLDERS\\UWATERLOO\\2 - Sem 2 - Winter'24\\ECE 651\\Project\\JourneyTracker_Extension\\src\\components\\JourneyList\\index.ts","statementMap":{"0":{"start":{"line":1,"column":0},"end":{"line":1,"column":40}},"1":{"start":{"line":2,"column":0},"end":{"line":2,"column":27}}},"fnMap":{},"branchMap":{},"s":{"0":1,"1":1},"f":{},"b":{}}
,"C:\\Users\\kabii\\Desktop\\FOLDERS\\UWATERLOO\\2 - Sem 2 - Winter'24\\ECE 651\\Project\\JourneyTracker_Extension\\src\\contentScript\\contentScript.ts": {"path":"C:\\Users\\kabii\\Desktop\\FOLDERS\\UWATERLOO\\2 - Sem 2 - Winter'24\\ECE 651\\Project\\JourneyTracker_Extension\\src\\contentScript\\contentScript.ts","statementMap":{"0":{"start":{"line":1,"column":0},"end":{"line":5,"column":null}},"1":{"start":{"line":2,"column":4},"end":{"line":2,"column":26}},"2":{"start":{"line":3,"column":4},"end":{"line":3,"column":null}},"3":{"start":{"line":7,"column":0},"end":{"line":9,"column":2}},"4":{"start":{"line":8,"column":4},"end":{"line":8,"column":40}}},"fnMap":{"0":{"name":"(anonymous_0)","decl":{"start":{"line":1,"column":58},"end":{"line":1,"column":59}},"loc":{"start":{"line":1,"column":67},"end":{"line":5,"column":1}}},"1":{"name":"(anonymous_1)","decl":{"start":{"line":7,"column":16},"end":{"line":7,"column":17}},"loc":{"start":{"line":7,"column":22},"end":{"line":9,"column":1}}}},"branchMap":{},"s":{"0":0,"1":0,"2":0,"3":0,"4":0},"f":{"0":0,"1":0},"b":{}}
,"C:\\Users\\kabii\\Desktop\\FOLDERS\\UWATERLOO\\2 - Sem 2 - Winter'24\\ECE 651\\Project\\JourneyTracker_Extension\\src\\data\\mockData.ts": {"path":"C:\\Users\\kabii\\Desktop\\FOLDERS\\UWATERLOO\\2 - Sem 2 - Winter'24\\ECE 651\\Project\\JourneyTracker_Extension\\src\\data\\mockData.ts","statementMap":{"0":{"start":{"line":1,"column":13},"end":{"line":93,"column":null}}},"fnMap":{},"branchMap":{},"s":{"0":0},"f":{},"b":{}}
,"C:\\Users\\kabii\\Desktop\\FOLDERS\\UWATERLOO\\2 - Sem 2 - Winter'24\\ECE 651\\Project\\JourneyTracker_Extension\\src\\hooks\\useJourney.ts": {"path":"C:\\Users\\kabii\\Desktop\\FOLDERS\\UWATERLOO\\2 - Sem 2 - Winter'24\\ECE 651\\Project\\JourneyTracker_Extension\\src\\hooks\\useJourney.ts","statementMap":{"0":{"start":{"line":1,"column":0},"end":{"line":1,"column":44}},"1":{"start":{"line":16,"column":26},"end":{"line":96,"column":1}},"2":{"start":{"line":17,"column":34},"end":{"line":17,"column":58}},"3":{"start":{"line":17,"column":17},"end":{"line":17,"column":19}},"4":{"start":{"line":17,"column":30},"end":{"line":17,"column":34}},"5":{"start":{"line":18,"column":48},"end":{"line":18,"column":72}},"6":{"start":{"line":18,"column":24},"end":{"line":18,"column":26}},"7":{"start":{"line":18,"column":44},"end":{"line":18,"column":48}},"8":{"start":{"line":19,"column":2},"end":{"line":19,"column":38}},"9":{"start":{"line":20,"column":2},"end":{"line":29,"column":9}},"10":{"start":{"line":21,"column":4},"end":{"line":26,"column":7}},"11":{"start":{"line":22,"column":6},"end":{"line":22,"column":38}},"12":{"start":{"line":23,"column":6},"end":{"line":25,"column":null}},"13":{"start":{"line":24,"column":8},"end":{"line":24,"column":19}},"14":{"start":{"line":27,"column":4},"end":{"line":27,"column":28}},"15":{"start":{"line":30,"column":19},"end":{"line":46,"column":3}},"16":{"start":{"line":31,"column":4},"end":{"line":31,"column":28}},"17":{"start":{"line":33,"column":4},"end":{"line":45,"column":7}},"18":{"start":{"line":34,"column":6},"end":{"line":34,"column":36}},"19":{"start":{"line":35,"column":22},"end":{"line":35,"column":44}},"20":{"start":{"line":36,"column":6},"end":{"line":38,"column":null}},"21":{"start":{"line":37,"column":8},"end":{"line":37,"column":44}},"22":{"start":{"line":39,"column":6},"end":{"line":44,"column":9}},"23":{"start":{"line":40,"column":25},"end":{"line":40,"column":40}},"24":{"start":{"line":41,"column":8},"end":{"line":43,"column":null}},"25":{"start":{"line":42,"column":10},"end":{"line":42,"column":46}},"26":{"start":{"line":48,"column":2},"end":{"line":48,"column":null}},"27":{"start":{"line":50,"column":24},"end":{"line":65,"column":3}},"28":{"start":{"line":51,"column":33},"end":{"line":56,"column":6}},"29":{"start":{"line":57,"column":4},"end":{"line":57,"column":52}},"30":{"start":{"line":58,"column":4},"end":{"line":61,"column":7}},"31":{"start":{"line":63,"column":4},"end":{"line":63,"column":43}},"32":{"start":{"line":64,"column":4},"end":{"line":64,"column":35}},"33":{"start":{"line":67,"column":32},"end":{"line":80,"column":3}},"34":{"start":{"line":68,"column":4},"end":{"line":71,"column":7}},"35":{"start":{"line":69,"column":22},"end":{"line":69,"column":44}},"36":{"start":{"line":70,"column":6},"end":{"line":70,"column":34}},"37":{"start":{"line":73,"column":4},"end":{"line":79,"column":7}},"38":{"start":{"line":74,"column":23},"end":{"line":74,"column":38}},"39":{"start":{"line":75,"column":6},"end":{"line":75,"column":53}},"40":{"start":{"line":76,"column":6},"end":{"line":78,"column":null}},"41":{"start":{"line":77,"column":8},"end":{"line":77,"column":30}},"42":{"start":{"line":82,"column":32},"end":{"line":93,"column":3}},"43":{"start":{"line":83,"column":4},"end":{"line":92,"column":7}},"44":{"start":{"line":84,"column":23},"end":{"line":84,"column":38}},"45":{"start":{"line":85,"column":30},"end":{"line":86,"column":null}},"46":{"start":{"line":86,"column":25},"end":{"line":86,"column":null}},"47":{"start":{"line":88,"column":6},"end":{"line":91,"column":null}},"48":{"start":{"line":89,"column":8},"end":{"line":89,"column":54}},"49":{"start":{"line":90,"column":8},"end":{"line":90,"column":44}},"50":{"start":{"line":95,"column":2},"end":{"line":95,"column":77}},"51":{"start":{"line":16,"column":13},"end":{"line":16,"column":26}}},"fnMap":{"0":{"name":"(anonymous_1)","decl":{"start":{"line":16,"column":26},"end":{"line":16,"column":null}},"loc":{"start":{"line":16,"column":26},"end":{"line":96,"column":1}}},"1":{"name":"(anonymous_2)","decl":{"start":{"line":20,"column":12},"end":{"line":20,"column":null}},"loc":{"start":{"line":20,"column":12},"end":{"line":29,"column":3}}},"2":{"name":"(anonymous_3)","decl":{"start":{"line":21,"column":41},"end":{"line":21,"column":48}},"loc":{"start":{"line":21,"column":48},"end":{"line":26,"column":5}}},"3":{"name":"(anonymous_4)","decl":{"start":{"line":30,"column":19},"end":{"line":30,"column":null}},"loc":{"start":{"line":30,"column":19},"end":{"line":46,"column":3}}},"4":{"name":"(anonymous_5)","decl":{"start":{"line":33,"column":48},"end":{"line":33,"column":58}},"loc":{"start":{"line":33,"column":64},"end":{"line":45,"column":5}}},"5":{"name":"(anonymous_6)","decl":{"start":{"line":39,"column":43},"end":{"line":39,"column":53}},"loc":{"start":{"line":39,"column":59},"end":{"line":44,"column":7}}},"6":{"name":"(anonymous_7)","decl":{"start":{"line":50,"column":24},"end":{"line":50,"column":25}},"loc":{"start":{"line":50,"column":38},"end":{"line":65,"column":3}}},"7":{"name":"(anonymous_8)","decl":{"start":{"line":67,"column":32},"end":{"line":67,"column":null}},"loc":{"start":{"line":67,"column":32},"end":{"line":80,"column":3}}},"8":{"name":"(anonymous_9)","decl":{"start":{"line":68,"column":48},"end":{"line":68,"column":58}},"loc":{"start":{"line":68,"column":64},"end":{"line":71,"column":5}}},"9":{"name":"(anonymous_10)","decl":{"start":{"line":73,"column":41},"end":{"line":73,"column":51}},"loc":{"start":{"line":73,"column":57},"end":{"line":79,"column":5}}},"10":{"name":"(anonymous_11)","decl":{"start":{"line":82,"column":32},"end":{"line":82,"column":33}},"loc":{"start":{"line":82,"column":50},"end":{"line":93,"column":3}}},"11":{"name":"(anonymous_12)","decl":{"start":{"line":83,"column":41},"end":{"line":83,"column":51}},"loc":{"start":{"line":83,"column":57},"end":{"line":92,"column":5}}},"12":{"name":"(anonymous_13)","decl":{"start":{"line":86,"column":8},"end":{"line":86,"column":9}},"loc":{"start":{"line":86,"column":20},"end":{"line":86,"column":26}}}},"branchMap":{"0":{"loc":{"start":{"line":23,"column":6},"end":{"line":25,"column":null}},"type":"if","locations":[{"start":{"line":23,"column":6},"end":{"line":25,"column":null}}]},"1":{"loc":{"start":{"line":36,"column":6},"end":{"line":38,"column":null}},"type":"if","locations":[{"start":{"line":36,"column":6},"end":{"line":38,"column":null}}]},"2":{"loc":{"start":{"line":41,"column":8},"end":{"line":43,"column":null}},"type":"if","locations":[{"start":{"line":41,"column":8},"end":{"line":43,"column":null}}]},"3":{"loc":{"start":{"line":76,"column":6},"end":{"line":78,"column":null}},"type":"if","locations":[{"start":{"line":76,"column":6},"end":{"line":78,"column":null}}]},"4":{"loc":{"start":{"line":76,"column":10},"end":{"line":76,"column":41}},"type":"binary-expr","locations":[{"start":{"line":76,"column":10},"end":{"line":76,"column":18}},{"start":{"line":76,"column":22},"end":{"line":76,"column":41}}]},"5":{"loc":{"start":{"line":88,"column":6},"end":{"line":91,"column":null}},"type":"if","locations":[{"start":{"line":88,"column":6},"end":{"line":91,"column":null}}]}},"s":{"0":0,"1":0,"2":0,"3":0,"4":0,"5":0,"6":0,"7":0,"8":0,"9":0,"10":0,"11":0,"12":0,"13":0,"14":0,"15":0,"16":0,"17":0,"18":0,"19":0,"20":0,"21":0,"22":0,"23":0,"24":0,"25":0,"26":0,"27":0,"28":0,"29":0,"30":0,"31":0,"32":0,"33":0,"34":0,"35":0,"36":0,"37":0,"38":0,"39":0,"40":0,"41":0,"42":0,"43":0,"44":0,"45":0,"46":0,"47":0,"48":0,"49":0,"50":0,"51":0},"f":{"0":0,"1":0,"2":0,"3":0,"4":0,"5":0,"6":0,"7":0,"8":0,"9":0,"10":0,"11":0,"12":0},"b":{"0":[0],"1":[0],"2":[0],"3":[0],"4":[0,0],"5":[0]}}
,"C:\\Users\\kabii\\Desktop\\FOLDERS\\UWATERLOO\\2 - Sem 2 - Winter'24\\ECE 651\\Project\\JourneyTracker_Extension\\src\\options\\index.tsx": {"path":"C:\\Users\\kabii\\Desktop\\FOLDERS\\UWATERLOO\\2 - Sem 2 - Winter'24\\ECE 651\\Project\\JourneyTracker_Extension\\src\\options\\index.tsx","statementMap":{"0":{"start":{"line":1,"column":0},"end":{"line":1,"column":46}},"1":{"start":{"line":2,"column":0},"end":{"line":2,"column":32}},"2":{"start":{"line":5,"column":25},"end":{"line":5,"column":54}},"3":{"start":{"line":6,"column":4},"end":{"line":6,"column":null}},"4":{"start":{"line":7,"column":4},"end":{"line":9,"column":null}},"5":{"start":{"line":8,"column":8},"end":{"line":8,"column":53}},"6":{"start":{"line":10,"column":17},"end":{"line":10,"column":41}},"7":{"start":{"line":11,"column":4},"end":{"line":11,"column":null}},"8":{"start":{"line":12,"column":4},"end":{"line":12,"column":29}},"9":{"start":{"line":15,"column":0},"end":{"line":15,"column":7}}},"fnMap":{"0":{"name":"init","decl":{"start":{"line":4,"column":9},"end":{"line":4,"column":13}},"loc":{"start":{"line":4,"column":13},"end":{"line":13,"column":1}}}},"branchMap":{"0":{"loc":{"start":{"line":7,"column":4},"end":{"line":9,"column":null}},"type":"if","locations":[{"start":{"line":7,"column":4},"end":{"line":9,"column":null}}]}},"s":{"0":0,"1":0,"2":0,"3":0,"4":0,"5":0,"6":0,"7":0,"8":0,"9":0},"f":{"0":0},"b":{"0":[0]}}
,"C:\\Users\\kabii\\Desktop\\FOLDERS\\UWATERLOO\\2 - Sem 2 - Winter'24\\ECE 651\\Project\\JourneyTracker_Extension\\src\\options\\options.tsx": {"path":"C:\\Users\\kabii\\Desktop\\FOLDERS\\UWATERLOO\\2 - Sem 2 - Winter'24\\ECE 651\\Project\\JourneyTracker_Extension\\src\\options\\options.tsx","statementMap":{"0":{"start":{"line":2,"column":16},"end":{"line":8,"column":1}},"1":{"start":{"line":3,"column":4},"end":{"line":7,"column":null}},"2":{"start":{"line":10,"column":0},"end":{"line":10,"column":23}}},"fnMap":{"0":{"name":"(anonymous_2)","decl":{"start":{"line":2,"column":16},"end":{"line":2,"column":null}},"loc":{"start":{"line":2,"column":16},"end":{"line":8,"column":1}}}},"branchMap":{},"s":{"0":0,"1":0,"2":0},"f":{"0":0},"b":{}}
,"C:\\Users\\kabii\\Desktop\\FOLDERS\\UWATERLOO\\2 - Sem 2 - Winter'24\\ECE 651\\Project\\JourneyTracker_Extension\\src\\popup\\Home.tsx": {"path":"C:\\Users\\kabii\\Desktop\\FOLDERS\\UWATERLOO\\2 - Sem 2 - Winter'24\\ECE 651\\Project\\JourneyTracker_Extension\\src\\popup\\Home.tsx","statementMap":{"0":{"start":{"line":1,"column":0},"end":{"line":1,"column":37}},"1":{"start":{"line":3,"column":0},"end":{"line":3,"column":50}},"2":{"start":{"line":4,"column":0},"end":{"line":4,"column":52}},"3":{"start":{"line":5,"column":0},"end":{"line":5,"column":58}},"4":{"start":{"line":6,"column":0},"end":{"line":6,"column":56}},"5":{"start":{"line":16,"column":13},"end":{"line":44,"column":1}},"6":{"start":{"line":17,"column":15},"end":{"line":17,"column":null}},"7":{"start":{"line":18,"column":10},"end":{"line":18,"column":null}},"8":{"start":{"line":19,"column":23},"end":{"line":19,"column":null}},"9":{"start":{"line":20,"column":17},"end":{"line":20,"column":null}},"10":{"start":{"line":21,"column":6},"end":{"line":21,"column":null}},"11":{"start":{"line":23,"column":2},"end":{"line":43,"column":4}},"12":{"start":{"line":46,"column":0},"end":{"line":46,"column":20}}},"fnMap":{"0":{"name":"(anonymous_3)","decl":{"start":{"line":16,"column":13},"end":{"line":16,"column":14}},"loc":{"start":{"line":22,"column":12},"end":{"line":44,"column":1}}}},"branchMap":{},"s":{"0":0,"1":0,"2":0,"3":0,"4":0,"5":0,"6":0,"7":0,"8":0,"9":0,"10":0,"11":0,"12":0},"f":{"0":0},"b":{}}
,"C:\\Users\\kabii\\Desktop\\FOLDERS\\UWATERLOO\\2 - Sem 2 - Winter'24\\ECE 651\\Project\\JourneyTracker_Extension\\src\\popup\\Login.tsx": {"path":"C:\\Users\\kabii\\Desktop\\FOLDERS\\UWATERLOO\\2 - Sem 2 - Winter'24\\ECE 651\\Project\\JourneyTracker_Extension\\src\\popup\\Login.tsx","statementMap":{"0":{"start":{"line":1,"column":0},"end":{"line":1,"column":51}},"1":{"start":{"line":3,"column":14},"end":{"line":20,"column":1}},"2":{"start":{"line":4,"column":22},"end":{"line":6,"column":3}},"3":{"start":{"line":5,"column":4},"end":{"line":5,"column":63}},"4":{"start":{"line":8,"column":2},"end":{"line":19,"column":4}},"5":{"start":{"line":22,"column":0},"end":{"line":22,"column":21}}},"fnMap":{"0":{"name":"(anonymous_2)","decl":{"start":{"line":3,"column":14},"end":{"line":3,"column":null}},"loc":{"start":{"line":3,"column":14},"end":{"line":20,"column":1}}},"1":{"name":"(anonymous_3)","decl":{"start":{"line":4,"column":22},"end":{"line":4,"column":null}},"loc":{"start":{"line":4,"column":22},"end":{"line":6,"column":3}}}},"branchMap":{},"s":{"0":0,"1":0,"2":0,"3":0,"4":0,"5":0},"f":{"0":0,"1":0},"b":{}}
,"C:\\Users\\kabii\\Desktop\\FOLDERS\\UWATERLOO\\2 - Sem 2 - Winter'24\\ECE 651\\Project\\JourneyTracker_Extension\\src\\popup\\index.tsx": {"path":"C:\\Users\\kabii\\Desktop\\FOLDERS\\UWATERLOO\\2 - Sem 2 - Winter'24\\ECE 651\\Project\\JourneyTracker_Extension\\src\\popup\\index.tsx","statementMap":{"0":{"start":{"line":1,"column":0},"end":{"line":1,"column":46}},"1":{"start":{"line":2,"column":0},"end":{"line":2,"column":28}},"2":{"start":{"line":5,"column":25},"end":{"line":5,"column":54}},"3":{"start":{"line":6,"column":4},"end":{"line":6,"column":null}},"4":{"start":{"line":7,"column":4},"end":{"line":9,"column":null}},"5":{"start":{"line":8,"column":8},"end":{"line":8,"column":53}},"6":{"start":{"line":10,"column":17},"end":{"line":10,"column":41}},"7":{"start":{"line":11,"column":4},"end":{"line":11,"column":27}},"8":{"start":{"line":14,"column":0},"end":{"line":14,"column":7}}},"fnMap":{"0":{"name":"init","decl":{"start":{"line":4,"column":9},"end":{"line":4,"column":13}},"loc":{"start":{"line":4,"column":13},"end":{"line":12,"column":1}}}},"branchMap":{"0":{"loc":{"start":{"line":7,"column":4},"end":{"line":9,"column":null}},"type":"if","locations":[{"start":{"line":7,"column":4},"end":{"line":9,"column":null}}]}},"s":{"0":0,"1":0,"2":0,"3":0,"4":0,"5":0,"6":0,"7":0,"8":0},"f":{"0":0},"b":{"0":[0]}}
,"C:\\Users\\kabii\\Desktop\\FOLDERS\\UWATERLOO\\2 - Sem 2 - Winter'24\\ECE 651\\Project\\JourneyTracker_Extension\\src\\popup\\popup.tsx": {"path":"C:\\Users\\kabii\\Desktop\\FOLDERS\\UWATERLOO\\2 - Sem 2 - Winter'24\\ECE 651\\Project\\JourneyTracker_Extension\\src\\popup\\popup.tsx","statementMap":{"0":{"start":{"line":1,"column":0},"end":{"line":1,"column":37}},"1":{"start":{"line":2,"column":0},"end":{"line":2,"column":44}},"2":{"start":{"line":3,"column":0},"end":{"line":3,"column":49}},"3":{"start":{"line":4,"column":0},"end":{"line":4,"column":26}},"4":{"start":{"line":5,"column":0},"end":{"line":5,"column":28}},"5":{"start":{"line":6,"column":0},"end":{"line":6,"column":21}},"6":{"start":{"line":9,"column":14},"end":{"line":87,"column":1}},"7":{"start":{"line":10,"column":38},"end":{"line":10,"column":53}},"8":{"start":{"line":10,"column":19},"end":{"line":10,"column":21}},"9":{"start":{"line":10,"column":34},"end":{"line":10,"column":38}},"10":{"start":{"line":11,"column":76},"end":{"line":11,"column":88}},"11":{"start":{"line":11,"column":17},"end":{"line":11,"column":19}},"12":{"start":{"line":11,"column":32},"end":{"line":11,"column":34}},"13":{"start":{"line":11,"column":55},"end":{"line":11,"column":57}},"14":{"start":{"line":11,"column":72},"end":{"line":11,"column":76}},"15":{"start":{"line":12,"column":26},"end":{"line":12,"column":46}},"16":{"start":{"line":12,"column":13},"end":{"line":12,"column":15}},"17":{"start":{"line":12,"column":22},"end":{"line":12,"column":26}},"18":{"start":{"line":14,"column":2},"end":{"line":14,"column":36}},"19":{"start":{"line":15,"column":2},"end":{"line":29,"column":5}},"20":{"start":{"line":16,"column":4},"end":{"line":16,"column":37}},"21":{"start":{"line":17,"column":4},"end":{"line":28,"column":null}},"22":{"start":{"line":18,"column":6},"end":{"line":18,"column":26}},"23":{"start":{"line":20,"column":6},"end":{"line":20,"column":34}},"24":{"start":{"line":22,"column":6},"end":{"line":22,"column":27}},"25":{"start":{"line":31,"column":2},"end":{"line":53,"column":9}},"26":{"start":{"line":33,"column":4},"end":{"line":37,"column":7}},"27":{"start":{"line":33,"column":50},"end":{"line":33,"column":52}},"28":{"start":{"line":34,"column":6},"end":{"line":36,"column":null}},"29":{"start":{"line":35,"column":8},"end":{"line":35,"column":28}},"30":{"start":{"line":40,"column":4},"end":{"line":49,"column":7}},"31":{"start":{"line":41,"column":6},"end":{"line":48,"column":null}},"32":{"start":{"line":42,"column":8},"end":{"line":42,"column":54}},"33":{"start":{"line":43,"column":8},"end":{"line":47,"column":null}},"34":{"start":{"line":44,"column":10},"end":{"line":44,"column":65}},"35":{"start":{"line":46,"column":10},"end":{"line":46,"column":49}},"36":{"start":{"line":58,"column":2},"end":{"line":74,"column":null}},"37":{"start":{"line":59,"column":4},"end":{"line":73,"column":6}},"38":{"start":{"line":76,"column":2},"end":{"line":86,"column":4}},"39":{"start":{"line":89,"column":0},"end":{"line":89,"column":21}}},"fnMap":{"0":{"name":"(anonymous_3)","decl":{"start":{"line":9,"column":14},"end":{"line":9,"column":null}},"loc":{"start":{"line":9,"column":14},"end":{"line":87,"column":1}}},"1":{"name":"(anonymous_4)","decl":{"start":{"line":15,"column":55},"end":{"line":15,"column":62}},"loc":{"start":{"line":15,"column":62},"end":{"line":29,"column":3}}},"2":{"name":"(anonymous_5)","decl":{"start":{"line":31,"column":12},"end":{"line":31,"column":null}},"loc":{"start":{"line":31,"column":12},"end":{"line":53,"column":3}}},"3":{"name":"(anonymous_6)","decl":{"start":{"line":33,"column":40},"end":{"line":33,"column":41}},"loc":{"start":{"line":33,"column":52},"end":{"line":37,"column":5}}},"4":{"name":"(anonymous_7)","decl":{"start":{"line":40,"column":41},"end":{"line":40,"column":48}},"loc":{"start":{"line":40,"column":48},"end":{"line":49,"column":5}}}},"branchMap":{"0":{"loc":{"start":{"line":17,"column":4},"end":{"line":28,"column":null}},"type":"if","locations":[{"start":{"line":17,"column":4},"end":{"line":28,"column":null}},{"start":{"line":21,"column":11},"end":{"line":28,"column":null}}]},"1":{"loc":{"start":{"line":34,"column":6},"end":{"line":36,"column":null}},"type":"if","locations":[{"start":{"line":34,"column":6},"end":{"line":36,"column":null}}]},"2":{"loc":{"start":{"line":41,"column":6},"end":{"line":48,"column":null}},"type":"if","locations":[{"start":{"line":41,"column":6},"end":{"line":48,"column":null}}]},"3":{"loc":{"start":{"line":42,"column":22},"end":{"line":42,"column":52}},"type":"cond-expr","locations":[{"start":{"line":42,"column":40},"end":{"line":42,"column":44}},{"start":{"line":42,"column":47},"end":{"line":42,"column":52}}]},"4":{"loc":{"start":{"line":43,"column":8},"end":{"line":47,"column":null}},"type":"if","locations":[{"start":{"line":43,"column":8},"end":{"line":47,"column":null}},{"start":{"line":45,"column":15},"end":{"line":47,"column":null}}]},"5":{"loc":{"start":{"line":58,"column":2},"end":{"line":74,"column":null}},"type":"if","locations":[{"start":{"line":58,"column":2},"end":{"line":74,"column":null}}]}},"s":{"0":0,"1":0,"2":0,"3":0,"4":0,"5":0,"6":0,"7":0,"8":0,"9":0,"10":0,"11":0,"12":0,"13":0,"14":0,"15":0,"16":0,"17":0,"18":0,"19":0,"20":0,"21":0,"22":0,"23":0,"24":0,"25":0,"26":0,"27":0,"28":0,"29":0,"30":0,"31":0,"32":0,"33":0,"34":0,"35":0,"36":0,"37":0,"38":0,"39":0},"f":{"0":0,"1":0,"2":0,"3":0,"4":0},"b":{"0":[0,0],"1":[0],"2":[0],"3":[0,0],"4":[0,0],"5":[0]}}
}
