TN:
SF:src\background\background.ts
FN:14,recordText
FN:19,(anonymous_4)
FN:31,(anonymous_5)
FN:34,(anonymous_6)
FN:54,(anonymous_7)
FN:58,(anonymous_8)
FN:63,(anonymous_9)
FN:64,(anonymous_10)
FN:67,(anonymous_11)
FNF:9
FNH:0
FNDA:0,recordText
FNDA:0,(anonymous_4)
FNDA:0,(anonymous_5)
FNDA:0,(anonymous_6)
FNDA:0,(anonymous_7)
FNDA:0,(anonymous_8)
FNDA:0,(anonymous_9)
FNDA:0,(anonymous_10)
FNDA:0,(anonymous_11)
DA:18,0
DA:19,0
DA:20,0
DA:21,0
DA:22,0
DA:27,0
DA:31,0
DA:32,0
DA:33,0
DA:34,0
DA:35,0
DA:36,0
DA:38,0
DA:40,0
DA:44,0
DA:48,0
DA:54,0
DA:55,0
DA:58,0
DA:59,0
DA:60,0
DA:63,0
DA:65,0
DA:68,0
DA:69,0
DA:72,0
LF:26
LH:0
BRDA:33,0,0,0
BRDA:35,1,0,0
BRDA:65,2,0,0
BRDA:65,2,1,0
BRF:4
BRH:0
end_of_record
TN:
SF:src\components\ActionButtons\ActionButtons.tsx
FN:3,(anonymous_2)
FNF:1
FNH:1
FNDA:2,(anonymous_2)
DA:1,1
DA:3,1
DA:4,2
DA:17,1
LF:4
LH:4
BRF:0
BRH:0
end_of_record
TN:
SF:src\components\ActionButtons\index.ts
FNF:0
FNH:0
DA:1,1
DA:2,1
LF:2
LH:2
BRF:0
BRH:0
end_of_record
TN:
SF:src\components\ClipboardTable\ClipboardTable.tsx
FN:15,ClipboardTable
FN:33,(anonymous_4)
FNF:2
FNH:2
FNDA:2,ClipboardTable
FNDA:2,(anonymous_4)
DA:1,1
DA:2,1
DA:3,1
DA:4,1
DA:5,1
DA:6,1
DA:7,1
DA:8,1
DA:15,1
DA:16,2
DA:19,2
DA:33,2
LF:12
LH:12
BRDA:30,0,0,1
BRDA:30,0,1,1
BRDA:30,1,0,2
BRDA:30,1,1,2
BRDA:30,1,2,2
BRF:5
BRH:5
end_of_record
TN:
SF:src\components\ClipboardTable\index.ts
FNF:0
FNH:0
DA:1,1
DA:3,1
LF:2
LH:2
BRF:0
BRH:0
end_of_record
TN:
SF:src\components\HomeHeader\HomeHeader.tsx
FN:7,(anonymous_2)
FNF:1
FNH:1
FNDA:1,(anonymous_2)
DA:1,1
DA:7,1
DA:8,1
DA:31,1
LF:4
LH:4
BRF:0
BRH:0
end_of_record
TN:
SF:src\components\HomeHeader\index.ts
FNF:0
FNH:0
DA:1,1
DA:3,1
LF:2
LH:2
BRF:0
BRH:0
end_of_record
TN:
SF:src\components\JourneyList\JourneyList.tsx
FN:17,JourneyList
FN:28,(anonymous_4)
FN:52,(anonymous_5)
FN:60,(anonymous_6)
FN:63,(anonymous_7)
FN:68,(anonymous_8)
FN:85,(anonymous_9)
FN:95,(anonymous_10)
FNF:8
FNH:4
FNDA:3,JourneyList
FNDA:3,(anonymous_4)
FNDA:0,(anonymous_5)
FNDA:18,(anonymous_6)
FNDA:0,(anonymous_7)
FNDA:9,(anonymous_8)
FNDA:0,(anonymous_9)
FNDA:0,(anonymous_10)
DA:1,1
DA:2,1
DA:3,1
DA:4,1
DA:5,1
DA:6,1
DA:7,1
DA:8,1
DA:17,1
DA:18,3
DA:19,3
DA:20,3
DA:21,3
DA:23,3
DA:24,3
DA:28,3
DA:29,3
DA:30,0
DA:36,3
DA:52,0
DA:60,18
DA:64,0
DA:65,0
DA:68,9
DA:85,0
DA:96,0
DA:97,0
DA:98,0
DA:99,0
LF:29
LH:20
BRDA:29,0,0,0
BRDA:29,1,0,3
BRDA:29,1,1,3
BRDA:45,2,0,0
BRDA:45,2,1,3
BRDA:45,3,0,3
BRDA:45,3,1,3
BRDA:45,3,2,3
BRDA:45,3,3,3
BRDA:60,4,0,18
BRDA:60,4,1,18
BRDA:64,5,0,0
BRDA:81,6,0,3
BRDA:81,6,1,0
BRDA:81,6,2,0
BRDA:81,6,3,0
BRDA:97,7,0,0
BRDA:97,8,0,0
BRDA:97,8,1,0
BRDA:103,9,0,0
BRDA:103,9,1,3
BRF:21
BRH:11
end_of_record
TN:
SF:src\components\JourneyList\index.ts
FNF:0
FNH:0
DA:1,1
DA:2,1
LF:2
LH:2
BRF:0
BRH:0
end_of_record
TN:
SF:src\contentScript\contentScript.ts
FN:1,(anonymous_0)
FN:7,(anonymous_1)
FNF:2
FNH:0
FNDA:0,(anonymous_0)
FNDA:0,(anonymous_1)
DA:1,0
DA:2,0
DA:3,0
DA:7,0
DA:8,0
LF:5
LH:0
BRF:0
BRH:0
end_of_record
TN:
SF:src\data\mockData.ts
FNF:0
FNH:0
DA:1,0
LF:1
LH:0
BRF:0
BRH:0
end_of_record
TN:
SF:src\hooks\useJourney.ts
FN:16,(anonymous_1)
FN:20,(anonymous_2)
FN:21,(anonymous_3)
FN:30,(anonymous_4)
FN:33,(anonymous_5)
FN:39,(anonymous_6)
FN:50,(anonymous_7)
FN:67,(anonymous_8)
FN:68,(anonymous_9)
FN:73,(anonymous_10)
FN:82,(anonymous_11)
FN:83,(anonymous_12)
FN:86,(anonymous_13)
FNF:13
FNH:0
FNDA:0,(anonymous_1)
FNDA:0,(anonymous_2)
FNDA:0,(anonymous_3)
FNDA:0,(anonymous_4)
FNDA:0,(anonymous_5)
FNDA:0,(anonymous_6)
FNDA:0,(anonymous_7)
FNDA:0,(anonymous_8)
FNDA:0,(anonymous_9)
FNDA:0,(anonymous_10)
FNDA:0,(anonymous_11)
FNDA:0,(anonymous_12)
FNDA:0,(anonymous_13)
DA:1,0
DA:16,0
DA:17,0
DA:18,0
DA:19,0
DA:20,0
DA:21,0
DA:22,0
DA:23,0
DA:24,0
DA:27,0
DA:30,0
DA:31,0
DA:33,0
DA:34,0
DA:35,0
DA:36,0
DA:37,0
DA:39,0
DA:40,0
DA:41,0
DA:42,0
DA:48,0
DA:50,0
DA:51,0
DA:57,0
DA:58,0
DA:63,0
DA:64,0
DA:67,0
DA:68,0
DA:69,0
DA:70,0
DA:73,0
DA:74,0
DA:75,0
DA:76,0
DA:77,0
DA:82,0
DA:83,0
DA:84,0
DA:85,0
DA:86,0
DA:88,0
DA:89,0
DA:90,0
DA:95,0
LF:47
LH:0
BRDA:23,0,0,0
BRDA:36,1,0,0
BRDA:41,2,0,0
BRDA:76,3,0,0
BRDA:76,4,0,0
BRDA:76,4,1,0
BRDA:88,5,0,0
BRF:7
BRH:0
end_of_record
TN:
SF:src\options\index.tsx
FN:4,init
FNF:1
FNH:0
FNDA:0,init
DA:1,0
DA:2,0
DA:5,0
DA:6,0
DA:7,0
DA:8,0
DA:10,0
DA:11,0
DA:12,0
DA:15,0
LF:10
LH:0
BRDA:7,0,0,0
BRF:1
BRH:0
end_of_record
TN:
SF:src\options\options.tsx
FN:2,(anonymous_2)
FNF:1
FNH:0
FNDA:0,(anonymous_2)
DA:2,0
DA:3,0
DA:10,0
LF:3
LH:0
BRF:0
BRH:0
end_of_record
TN:
SF:src\popup\Home.tsx
FN:16,(anonymous_3)
FNF:1
FNH:0
FNDA:0,(anonymous_3)
DA:1,0
DA:3,0
DA:4,0
DA:5,0
DA:6,0
DA:16,0
DA:17,0
DA:18,0
DA:19,0
DA:20,0
DA:21,0
DA:23,0
DA:46,0
LF:13
LH:0
BRF:0
BRH:0
end_of_record
TN:
SF:src\popup\Login.tsx
FN:3,(anonymous_2)
FN:4,(anonymous_3)
FNF:2
FNH:0
FNDA:0,(anonymous_2)
FNDA:0,(anonymous_3)
DA:1,0
DA:3,0
DA:4,0
DA:5,0
DA:8,0
DA:22,0
LF:6
LH:0
BRF:0
BRH:0
end_of_record
TN:
SF:src\popup\index.tsx
FN:4,init
FNF:1
FNH:0
FNDA:0,init
DA:1,0
DA:2,0
DA:5,0
DA:6,0
DA:7,0
DA:8,0
DA:10,0
DA:11,0
DA:14,0
LF:9
LH:0
BRDA:7,0,0,0
BRF:1
BRH:0
end_of_record
TN:
SF:src\popup\popup.tsx
FN:9,(anonymous_3)
FN:15,(anonymous_4)
FN:31,(anonymous_5)
FN:33,(anonymous_6)
FN:40,(anonymous_7)
FNF:5
FNH:0
FNDA:0,(anonymous_3)
FNDA:0,(anonymous_4)
FNDA:0,(anonymous_5)
FNDA:0,(anonymous_6)
FNDA:0,(anonymous_7)
DA:1,0
DA:2,0
DA:3,0
DA:4,0
DA:5,0
DA:6,0
DA:9,0
DA:10,0
DA:11,0
DA:12,0
DA:14,0
DA:15,0
DA:16,0
DA:17,0
DA:18,0
DA:20,0
DA:22,0
DA:31,0
DA:33,0
DA:34,0
DA:35,0
DA:40,0
DA:41,0
DA:42,0
DA:43,0
DA:44,0
DA:46,0
DA:58,0
DA:59,0
DA:76,0
DA:89,0
LF:31
LH:0
BRDA:17,0,0,0
BRDA:17,0,1,0
BRDA:34,1,0,0
BRDA:41,2,0,0
BRDA:42,3,0,0
BRDA:42,3,1,0
BRDA:43,4,0,0
BRDA:43,4,1,0
BRDA:58,5,0,0
BRF:9
BRH:0
end_of_record
